c:\users\omfgugotpwnd\source\repos\cpp2\eindopdracht\eindopdracht\debug\vc140.pdb
c:\users\omfgugotpwnd\source\repos\cpp2\eindopdracht\eindopdracht\debug\vc140.idb
c:\users\omfgugotpwnd\source\repos\cpp2\eindopdracht\eindopdracht\debug\dungeon.obj
c:\users\omfgugotpwnd\source\repos\cpp2\eindopdracht\eindopdracht\debug\game.obj
c:\users\omfgugotpwnd\source\repos\cpp2\eindopdracht\eindopdracht\debug\graveyard.obj
c:\users\omfgugotpwnd\source\repos\cpp2\eindopdracht\eindopdracht\debug\iobserver.obj
c:\users\omfgugotpwnd\source\repos\cpp2\eindopdracht\eindopdracht\debug\isubject.obj
c:\users\omfgugotpwnd\source\repos\cpp2\eindopdracht\eindopdracht\debug\kingcard.obj
c:\users\omfgugotpwnd\source\repos\cpp2\eindopdracht\eindopdracht\debug\labatorium.obj
c:\users\omfgugotpwnd\source\repos\cpp2\eindopdracht\eindopdracht\debug\library.obj
c:\users\omfgugotpwnd\source\repos\cpp2\eindopdracht\eindopdracht\debug\magiciancard.obj
c:\users\omfgugotpwnd\source\repos\cpp2\eindopdracht\eindopdracht\debug\magiciansschool.obj
c:\users\omfgugotpwnd\source\repos\cpp2\eindopdracht\eindopdracht\debug\main.obj
c:\users\omfgugotpwnd\source\repos\cpp2\eindopdracht\eindopdracht\debug\merchantcard.obj
c:\users\omfgugotpwnd\source\repos\cpp2\eindopdracht\eindopdracht\debug\obversatorium.obj
c:\users\omfgugotpwnd\source\repos\cpp2\eindopdracht\eindopdracht\debug\player.obj
c:\users\omfgugotpwnd\source\repos\cpp2\eindopdracht\eindopdracht\debug\socket.obj
c:\users\omfgugotpwnd\source\repos\cpp2\eindopdracht\eindopdracht\debug\thiefcard.obj
c:\users\omfgugotpwnd\source\repos\cpp2\eindopdracht\eindopdracht\debug\throw.obj
c:\users\omfgugotpwnd\source\repos\cpp2\eindopdracht\eindopdracht\debug\university.obj
c:\users\omfgugotpwnd\source\repos\cpp2\eindopdracht\eindopdracht\debug\warlordcard.obj
c:\users\omfgugotpwnd\source\repos\cpp2\eindopdracht\eindopdracht\debug\workshop.obj
c:\users\omfgugotpwnd\source\repos\cpp2\eindopdracht\eindopdracht\debug\architectcard.obj
c:\users\omfgugotpwnd\source\repos\cpp2\eindopdracht\eindopdracht\debug\assasincard.obj
c:\users\omfgugotpwnd\source\repos\cpp2\eindopdracht\eindopdracht\debug\basiccard.obj
c:\users\omfgugotpwnd\source\repos\cpp2\eindopdracht\eindopdracht\debug\bishopcard.obj
c:\users\omfgugotpwnd\source\repos\cpp2\eindopdracht\eindopdracht\debug\buildingcard.obj
c:\users\omfgugotpwnd\source\repos\cpp2\eindopdracht\eindopdracht\debug\charactercard.obj
c:\users\omfgugotpwnd\source\repos\cpp2\eindopdracht\eindopdracht\debug\courtofmiraclescard.obj
c:\users\omfgugotpwnd\source\repos\cpp2\eindopdracht\eindopdracht\debug\deck.obj
c:\users\omfgugotpwnd\source\repos\cpp2\eindopdracht\eindopdracht\debug\dragonsgate.obj
c:\users\omfgugotpwnd\source\repos\cpp2\eindopdracht\debug\eindopdracht.ilk
c:\users\omfgugotpwnd\source\repos\cpp2\eindopdracht\debug\eindopdracht.exe
c:\users\omfgugotpwnd\source\repos\cpp2\eindopdracht\debug\eindopdracht.pdb
c:\users\omfgugotpwnd\source\repos\cpp2\eindopdracht\eindopdracht\debug\eindopdracht.tlog\cl.command.1.tlog
c:\users\omfgugotpwnd\source\repos\cpp2\eindopdracht\eindopdracht\debug\eindopdracht.tlog\cl.read.1.tlog
c:\users\omfgugotpwnd\source\repos\cpp2\eindopdracht\eindopdracht\debug\eindopdracht.tlog\cl.write.1.tlog
c:\users\omfgugotpwnd\source\repos\cpp2\eindopdracht\eindopdracht\debug\eindopdracht.tlog\link.command.1.tlog
c:\users\omfgugotpwnd\source\repos\cpp2\eindopdracht\eindopdracht\debug\eindopdracht.tlog\link.read.1.tlog
c:\users\omfgugotpwnd\source\repos\cpp2\eindopdracht\eindopdracht\debug\eindopdracht.tlog\link.write.1.tlog
