  WarlordCard.cpp
c:\users\omfgugotpwnd\source\repos\cpp2\eindopdracht\eindopdracht\warlordcard.cpp(31): warning C4018: '>': signed/unsigned mismatch
c:\users\omfgugotpwnd\source\repos\cpp2\eindopdracht\eindopdracht\warlordcard.cpp(53): warning C4018: '>': signed/unsigned mismatch
  Graveyard.cpp
  Game.cpp
c:\users\omfgugotpwnd\source\repos\cpp2\eindopdracht\eindopdracht\game.cpp(5): warning C4244: 'argument': conversion from 'time_t' to 'unsigned int', possible loss of data
c:\users\omfgugotpwnd\source\repos\cpp2\eindopdracht\eindopdracht\game.cpp(119): warning C4018: '<': signed/unsigned mismatch
c:\users\omfgugotpwnd\source\repos\cpp2\eindopdracht\eindopdracht\game.cpp(136): warning C4018: '<': signed/unsigned mismatch
c:\users\omfgugotpwnd\source\repos\cpp2\eindopdracht\eindopdracht\game.cpp(151): warning C4018: '>': signed/unsigned mismatch
c:\users\omfgugotpwnd\source\repos\cpp2\eindopdracht\eindopdracht\game.cpp(191): warning C4018: '>': signed/unsigned mismatch
c:\users\omfgugotpwnd\source\repos\cpp2\eindopdracht\eindopdracht\game.cpp(209): warning C4018: '>': signed/unsigned mismatch
c:\users\omfgugotpwnd\source\repos\cpp2\eindopdracht\eindopdracht\game.cpp(218): warning C4018: '<': signed/unsigned mismatch
c:\users\omfgugotpwnd\source\repos\cpp2\eindopdracht\eindopdracht\game.cpp(234): warning C4018: '<': signed/unsigned mismatch
c:\users\omfgugotpwnd\source\repos\cpp2\eindopdracht\eindopdracht\game.cpp(249): warning C4018: '>': signed/unsigned mismatch
c:\users\omfgugotpwnd\source\repos\cpp2\eindopdracht\eindopdracht\game.cpp(266): warning C4018: '>': signed/unsigned mismatch
c:\users\omfgugotpwnd\source\repos\cpp2\eindopdracht\eindopdracht\game.cpp(519): warning C4018: '<': signed/unsigned mismatch
c:\users\omfgugotpwnd\source\repos\cpp2\eindopdracht\eindopdracht\game.cpp(530): warning C4018: '>': signed/unsigned mismatch
  Generating Code...
  Compiling...
  main.cpp
  Workshop.cpp
  University.cpp
  ThiefCard.cpp
  Player.cpp
  Obversatorium.cpp
  MerchantCard.cpp
  MagiciansSchool.cpp
  MagicianCard.cpp
c:\users\omfgugotpwnd\source\repos\cpp2\eindopdracht\eindopdracht\magiciancard.cpp(40): warning C4018: '>': signed/unsigned mismatch
c:\users\omfgugotpwnd\source\repos\cpp2\eindopdracht\eindopdracht\magiciancard.cpp(98): warning C4018: '>': signed/unsigned mismatch
  Library.cpp
  Labatorium.cpp
  KingCard.cpp
  ISubject.cpp
  Dungeon.cpp
  Dragonsgate.cpp
  CourtOfMiraclesCard.cpp
  BuildingCard.cpp
  BishopCard.cpp
  AssasinCard.cpp
  ArchitectCard.cpp
  Generating Code...
  Skipping... (no relevant changes detected)
  Deck.cpp
  CharacterCard.cpp
  Eindopdracht.vcxproj -> C:\Users\Omfgugotpwnd\Source\Repos\CPP2\Eindopdracht\Debug\Eindopdracht.exe
